0 info it worked if it ends with ok
1 verbose cli [ 'C:\\Program Files\\nodejs\\node.exe',
1 verbose cli   'C:\\Users\\Jeffrey\\AppData\\Roaming\\npm\\node_modules\\npm\\bin\\npm-cli.js',
1 verbose cli   'start' ]
2 info using npm@3.7.3
3 info using node@v5.6.0
4 verbose run-script [ 'prestart', 'start', 'poststart' ]
5 info lifecycle react-chess@1.0.0~prestart: react-chess@1.0.0
6 silly lifecycle react-chess@1.0.0~prestart: no script for prestart, continuing
7 info lifecycle react-chess@1.0.0~start: react-chess@1.0.0
8 verbose lifecycle react-chess@1.0.0~start: unsafe-perm in lifecycle true
9 verbose lifecycle react-chess@1.0.0~start: PATH: C:\Users\Jeffrey\AppData\Roaming\npm\node_modules\npm\bin\node-gyp-bin;C:\Users\Jeffrey\workspace\GitHub\react-chess\node_modules\.bin;C:\Program Files\nodejs;C:\Users\Jeffrey\AppData\Local\GitHub\PortableGit_25d850739bc178b2eb13c3e2a9faafea2f9143c0\cmd;C:\Users\Jeffrey\AppData\Local\GitHub\PortableGit_25d850739bc178b2eb13c3e2a9faafea2f9143c0\usr\bin;C:\Users\Jeffrey\AppData\Local\GitHub\PortableGit_25d850739bc178b2eb13c3e2a9faafea2f9143c0\usr\share\git-tfs;C:\Users\Jeffrey\AppData\Local\Apps\2.0\5ROBKJDE.P6H\A96AGXYH.WQM\gith..tion_317444273a93ac29_0003.0000_c74cce3a838f9354;C:\Users\Jeffrey\AppData\Local\GitHub\lfs-amd64_1.1.0;C:\windows\Microsoft.NET\Framework\v4.0.30319;C:\ProgramData\Oracle\Java\javapath;C:\Program Files\Java\jdk1.8.0_60\bin;C:\Program Files\Java\jdk1.8.0_60\lib;C:\Python27\;C:\HashiCorp\Vagrant\bin;C:\Windows\System32;C:\Program Files (x86)\Graphviz2.38\bin;C:\Python27\Scripts;C:\Program Files (x86)\Skype\Phone\;C:\Users\Jeffrey\.dnx\bin;C:\Program Files\Microsoft DNX\Dnvm\;C:\Program Files (x86)\Windows Kits\8.1\Windows Performance Toolkit\;C:\Program Files\nodejs\;C:\Program Files\MongoDB\Server\3.2\bin;C:\Program Files (x86)\Brackets\command;C:\Program Files (x86)\MiKTeX\miktex\bin\;C:\Users\Jeffrey\AppData\Local\.meteor\;C:\Users\Jeffrey\AppData\Roaming\npm
10 verbose lifecycle react-chess@1.0.0~start: CWD: C:\Users\Jeffrey\workspace\GitHub\react-chess
11 silly lifecycle react-chess@1.0.0~start: Args: [ '/d /s /c', 'node server' ]
12 silly lifecycle react-chess@1.0.0~start: Returned: code: 1  signal: null
13 info lifecycle react-chess@1.0.0~start: Failed to exec start script
14 verbose stack Error: react-chess@1.0.0 start: `node server`
14 verbose stack Exit status 1
14 verbose stack     at EventEmitter.<anonymous> (C:\Users\Jeffrey\AppData\Roaming\npm\node_modules\npm\lib\utils\lifecycle.js:239:16)
14 verbose stack     at emitTwo (events.js:100:13)
14 verbose stack     at EventEmitter.emit (events.js:185:7)
14 verbose stack     at ChildProcess.<anonymous> (C:\Users\Jeffrey\AppData\Roaming\npm\node_modules\npm\lib\utils\spawn.js:24:14)
14 verbose stack     at emitTwo (events.js:100:13)
14 verbose stack     at ChildProcess.emit (events.js:185:7)
14 verbose stack     at maybeClose (internal/child_process.js:827:16)
14 verbose stack     at Process.ChildProcess._handle.onexit (internal/child_process.js:211:5)
15 verbose pkgid react-chess@1.0.0
16 verbose cwd C:\Users\Jeffrey\workspace\GitHub\react-chess
17 error Windows_NT 6.3.9600
18 error argv "C:\\Program Files\\nodejs\\node.exe" "C:\\Users\\Jeffrey\\AppData\\Roaming\\npm\\node_modules\\npm\\bin\\npm-cli.js" "start"
19 error node v5.6.0
20 error npm  v3.7.3
21 error code ELIFECYCLE
22 error react-chess@1.0.0 start: `node server`
22 error Exit status 1
23 error Failed at the react-chess@1.0.0 start script 'node server'.
23 error Make sure you have the latest version of node.js and npm installed.
23 error If you do, this is most likely a problem with the react-chess package,
23 error not with npm itself.
23 error Tell the author that this fails on your system:
23 error     node server
23 error You can get information on how to open an issue for this project with:
23 error     npm bugs react-chess
23 error Or if that isn't available, you can get their info via:
23 error     npm owner ls react-chess
23 error There is likely additional logging output above.
24 verbose exit [ 1, true ]
